[16-May-2025 09:58:08 Europe/London] PHP Warning:  Undefined variable $current_lang in E:\PHPserver\www\The Islamic History\index.php on line 2554
[16-May-2025 09:58:08 Europe/London] PHP Warning:  Undefined variable $current_lang in E:\PHPserver\www\The Islamic History\index.php on line 2554
[16-May-2025 09:58:08 Europe/London] PHP Warning:  Undefined variable $current_lang in E:\PHPserver\www\The Islamic History\index.php on line 2554
[16-May-2025 09:58:08 Europe/London] PHP Warning:  Undefined variable $current_lang in E:\PHPserver\www\The Islamic History\index.php on line 2554
[16-May-2025 10:01:47 Europe/London] PHP Warning:  Undefined variable $current_lang in E:\PHPserver\www\The Islamic History\index.php on line 2132
[16-May-2025 10:01:47 Europe/London] PHP Warning:  Undefined variable $current_lang in E:\PHPserver\www\The Islamic History\index.php on line 2142
[16-May-2025 10:02:11 Europe/London] PHP Warning:  Undefined variable $current_lang in E:\PHPserver\www\The Islamic History\index.php on line 2132
[16-May-2025 10:02:11 Europe/London] PHP Warning:  Undefined variable $current_lang in E:\PHPserver\www\The Islamic History\index.php on line 2142
[16-May-2025 10:02:52 Europe/London] PHP Warning:  Undefined variable $current_lang in E:\PHPserver\www\The Islamic History\index.php on line 3015
[16-May-2025 10:02:52 Europe/London] PHP Warning:  Undefined variable $current_lang in E:\PHPserver\www\The Islamic History\index.php on line 3015
[16-May-2025 10:02:52 Europe/London] PHP Warning:  Undefined variable $current_lang in E:\PHPserver\www\The Islamic History\index.php on line 3015
[16-May-2025 10:02:52 Europe/London] PHP Warning:  Undefined variable $current_lang in E:\PHPserver\www\The Islamic History\index.php on line 3025
[16-May-2025 10:02:52 Europe/London] PHP Warning:  Undefined variable $current_lang in E:\PHPserver\www\The Islamic History\index.php on line 3025
[16-May-2025 10:02:52 Europe/London] PHP Warning:  Undefined variable $current_lang in E:\PHPserver\www\The Islamic History\index.php on line 3025
[16-May-2025 10:03:15 Europe/London] PHP Warning:  Undefined variable $current_lang in E:\PHPserver\www\The Islamic History\index.php on line 3015
[16-May-2025 10:03:15 Europe/London] PHP Warning:  Undefined variable $current_lang in E:\PHPserver\www\The Islamic History\index.php on line 3015
[16-May-2025 10:03:15 Europe/London] PHP Warning:  Undefined variable $current_lang in E:\PHPserver\www\The Islamic History\index.php on line 3015
[16-May-2025 10:03:15 Europe/London] PHP Warning:  Undefined variable $current_lang in E:\PHPserver\www\The Islamic History\index.php on line 3025
[16-May-2025 10:03:15 Europe/London] PHP Warning:  Undefined variable $current_lang in E:\PHPserver\www\The Islamic History\index.php on line 3025
[16-May-2025 10:03:15 Europe/London] PHP Warning:  Undefined variable $current_lang in E:\PHPserver\www\The Islamic History\index.php on line 3025
[16-May-2025 10:04:47 Europe/London] PHP Warning:  Undefined variable $current_lang in E:\PHPserver\www\The Islamic History\index.php on line 2958
[16-May-2025 10:04:53 Europe/London] PHP Warning:  Undefined variable $current_lang in E:\PHPserver\www\The Islamic History\index.php on line 2132
[16-May-2025 10:04:53 Europe/London] PHP Warning:  Undefined variable $current_lang in E:\PHPserver\www\The Islamic History\index.php on line 2142
[16-May-2025 10:05:06 Europe/London] PHP Warning:  Undefined variable $current_lang in E:\PHPserver\www\The Islamic History\index.php on line 2958
[16-May-2025 10:11:02 Europe/London] PHP Warning:  Undefined variable $current_lang in E:\PHPserver\www\The Islamic History\index.php on line 2981
[16-May-2025 10:13:57 Europe/London] PHP Warning:  Undefined variable $current_lang in E:\PHPserver\www\The Islamic History\index.php on line 3172
[16-May-2025 10:13:57 Europe/London] PHP Warning:  Undefined variable $current_lang in E:\PHPserver\www\The Islamic History\index.php on line 3172
[16-May-2025 10:13:57 Europe/London] PHP Warning:  Undefined variable $current_lang in E:\PHPserver\www\The Islamic History\index.php on line 3172
[16-May-2025 10:13:57 Europe/London] PHP Warning:  Undefined variable $current_lang in E:\PHPserver\www\The Islamic History\index.php on line 3182
[16-May-2025 10:13:57 Europe/London] PHP Warning:  Undefined variable $current_lang in E:\PHPserver\www\The Islamic History\index.php on line 3182
[16-May-2025 10:13:57 Europe/London] PHP Warning:  Undefined variable $current_lang in E:\PHPserver\www\The Islamic History\index.php on line 3182
[16-May-2025 10:14:31 Europe/London] PHP Warning:  Undefined variable $current_lang in E:\PHPserver\www\The Islamic History\index.php on line 3172
[16-May-2025 10:14:31 Europe/London] PHP Warning:  Undefined variable $current_lang in E:\PHPserver\www\The Islamic History\index.php on line 3172
[16-May-2025 10:14:31 Europe/London] PHP Warning:  Undefined variable $current_lang in E:\PHPserver\www\The Islamic History\index.php on line 3172
[16-May-2025 10:14:31 Europe/London] PHP Warning:  Undefined variable $current_lang in E:\PHPserver\www\The Islamic History\index.php on line 3182
[16-May-2025 10:14:31 Europe/London] PHP Warning:  Undefined variable $current_lang in E:\PHPserver\www\The Islamic History\index.php on line 3182
[16-May-2025 10:14:31 Europe/London] PHP Warning:  Undefined variable $current_lang in E:\PHPserver\www\The Islamic History\index.php on line 3182
[16-May-2025 10:18:31 Europe/London] PHP Warning:  Undefined variable $current_lang in E:\PHPserver\www\The Islamic History\index.php on line 2320
[16-May-2025 10:18:31 Europe/London] PHP Warning:  Undefined variable $current_lang in E:\PHPserver\www\The Islamic History\index.php on line 2330
[16-May-2025 10:24:10 Europe/London] Attempting to add more sample data...
[16-May-2025 10:24:10 Europe/London] Successfully added more sample data.
[16-May-2025 10:25:15 Europe/London] PHP Warning:  Undefined variable $current_lang in E:\PHPserver\www\The Islamic History\index.php on line 3289
[16-May-2025 10:32:40 Europe/London] PHP Warning:  Undefined variable $centuries_for_filter in E:\PHPserver\www\The Islamic History\index.php on line 3524
[16-May-2025 10:32:40 Europe/London] PHP Warning:  foreach() argument must be of type array|object, null given in E:\PHPserver\www\The Islamic History\index.php on line 3524
[16-May-2025 10:32:40 Europe/London] PHP Warning:  Undefined variable $selected_century in E:\PHPserver\www\The Islamic History\index.php on line 3574
[16-May-2025 10:32:48 Europe/London] PHP Warning:  Undefined variable $centuries_for_filter in E:\PHPserver\www\The Islamic History\index.php on line 3524
[16-May-2025 10:32:48 Europe/London] PHP Warning:  foreach() argument must be of type array|object, null given in E:\PHPserver\www\The Islamic History\index.php on line 3524
[16-May-2025 10:32:48 Europe/London] PHP Warning:  Undefined variable $selected_century in E:\PHPserver\www\The Islamic History\index.php on line 3574
[16-May-2025 10:47:10 Europe/London] PHP Warning:  Undefined variable $current_lang in E:\PHPserver\www\The Islamic History\index.php on line 3362
[16-May-2025 10:47:23 Europe/London] PHP Warning:  Undefined variable $current_lang in E:\PHPserver\www\The Islamic History\index.php on line 3362
[16-May-2025 10:47:31 Europe/London] PHP Warning:  Undefined variable $current_lang in E:\PHPserver\www\The Islamic History\index.php on line 2529
[16-May-2025 10:47:31 Europe/London] PHP Warning:  Undefined variable $current_lang in E:\PHPserver\www\The Islamic History\index.php on line 2539
[16-May-2025 11:07:03 Europe/London] PHP Warning:  Undefined variable $SITE_NAME in E:\PHPserver\www\The Islamic History\index.php on line 1727
[16-May-2025 11:07:20 Europe/London] PHP Warning:  Undefined variable $site_name in E:\PHPserver\www\The Islamic History\index.php on line 1727
[16-May-2025 11:07:32 Europe/London] PHP Warning:  Undefined variable $app_name in E:\PHPserver\www\The Islamic History\index.php on line 1727
